Using pre-set license
Built from '2020.3/staging' branch; Version is '2020.3.14f1 (d0d1bb862f9d) revision 13685179'; Using compiler version '192528614'; Build Type 'Release'
OS: 'Windows 10 Pro; OS build 19042.1165; Version 2009; 64bit' Language: 'ja' Physical Memory: 15981 MB
BatchMode: 1, IsHumanControllingUs: 0, StartBugReporterOnCrash: 0, Is64bit: 1, IsPro: 0

 COMMAND LINE ARGUMENTS:
C:\Program Files\Unity\Hub\Editor\2020.3.14f1\Editor\Unity.exe
-adb2
-batchMode
-noUpm
-name
AssetImportWorker0
-projectPath
C:/Users/Administrator/Desktop/Unity/PBL_HiyariCAT_Production
-logFile
Logs/AssetImportWorker0.log
-srvPort
59730
Successfully changed project path to: C:/Users/Administrator/Desktop/Unity/PBL_HiyariCAT_Production
C:/Users/Administrator/Desktop/Unity/PBL_HiyariCAT_Production
Using Asset Import Pipeline V2.
Refreshing native plugins compatible for Editor in 67.08 ms, found 6 plugins.
Preloading 1 native plugins for Editor in 1.07 ms.
Initialize engine version: 2020.3.14f1 (d0d1bb862f9d)
[Subsystems] Discovering subsystems at path C:/Program Files/Unity/Hub/Editor/2020.3.14f1/Editor/Data/Resources/UnitySubsystems
[Subsystems] Discovering subsystems at path C:/Users/Administrator/Desktop/Unity/PBL_HiyariCAT_Production/Assets
GfxDevice: creating device client; threaded=0
Direct3D:
    Version:  Direct3D 11.0 [level 11.1]
    Renderer: NVIDIA GeForce MX250 (ID=0x1c90)
    Vendor:   
    VRAM:     1983 MB
    Driver:   27.21.14.5266
Shader 'Oculus/OVRMRCameraFrameLit': fallback shader 'Alpha-Diffuse' not found
Initialize mono
Mono path[0] = 'C:/Program Files/Unity/Hub/Editor/2020.3.14f1/Editor/Data/Managed'
Mono path[1] = 'C:/Program Files/Unity/Hub/Editor/2020.3.14f1/Editor/Data/MonoBleedingEdge/lib/mono/unityjit'
Mono config path = 'C:/Program Files/Unity/Hub/Editor/2020.3.14f1/Editor/Data/MonoBleedingEdge/etc'
Using monoOptions --debugger-agent=transport=dt_socket,embedding=1,server=y,suspend=n,address=127.0.0.1:56420
Begin MonoManager ReloadAssembly
Registering precompiled unity dll's ...
Register platform support module: C:/Program Files/Unity/Hub/Editor/2020.3.14f1/Editor/Data/PlaybackEngines/WindowsStandaloneSupport/UnityEditor.WindowsStandalone.Extensions.dll
Register platform support module: C:/Program Files/Unity/Hub/Editor/2020.3.14f1/Editor/Data/PlaybackEngines/LuminSupport/UnityEditor.Lumin.Extensions.dll
Registered in 0.002827 seconds.
Native extension for Lumin target not found
Native extension for WindowsStandalone target not found
Refreshing native plugins compatible for Editor in 57.24 ms, found 6 plugins.
Preloading 1 native plugins for Editor in 0.13 ms.
Mono: successfully reloaded assembly
- Completed reload, in  1.768 seconds
Domain Reload Profiling:
	ReloadAssembly (1768ms)
		BeginReloadAssembly (51ms)
			ExecutionOrderSort (0ms)
			DisableScriptedObjects (0ms)
			BackupInstance (0ms)
			ReleaseScriptingObjects (0ms)
			CreateAndSetChildDomain (1ms)
		EndReloadAssembly (430ms)
			LoadAssemblies (48ms)
			RebuildTransferFunctionScriptingTraits (0ms)
			SetupTypeCache (152ms)
			ReleaseScriptCaches (0ms)
			RebuildScriptCaches (30ms)
			SetupLoadedEditorAssemblies (174ms)
				LogAssemblyErrors (0ms)
				InitializePlatformSupportModulesInManaged (4ms)
				SetLoadedEditorAssemblies (0ms)
				RefreshPlugins (58ms)
				BeforeProcessingInitializeOnLoad (13ms)
				ProcessInitializeOnLoadAttributes (74ms)
				ProcessInitializeOnLoadMethodAttributes (26ms)
				AfterProcessingInitializeOnLoad (0ms)
				EditorAssembliesLoaded (0ms)
			ExecutionOrderSort2 (0ms)
			AwakeInstancesAfterBackupRestoration (0ms)
Platform modules already initialized, skipping
Registering precompiled user dll's ...
Registered in 0.005513 seconds.
Begin MonoManager ReloadAssembly
Native extension for Lumin target not found
Native extension for WindowsStandalone target not found
Refreshing native plugins compatible for Editor in 1.12 ms, found 6 plugins.
Preloading 1 native plugins for Editor in 0.14 ms.
[XR] OculusXRPlugin: registering subsystems
[XR] Unable to register display lifecyle provider: [1]
[XR] Oculus Input lifecycle provider registered.
[XR] Unable to register input lifecyle provider: [1]
[XR] OVRP version 1.61.0
Mono: successfully reloaded assembly
- Completed reload, in  1.121 seconds
Domain Reload Profiling:
	ReloadAssembly (1122ms)
		BeginReloadAssembly (142ms)
			ExecutionOrderSort (0ms)
			DisableScriptedObjects (5ms)
			BackupInstance (0ms)
			ReleaseScriptingObjects (0ms)
			CreateAndSetChildDomain (21ms)
		EndReloadAssembly (915ms)
			LoadAssemblies (90ms)
			RebuildTransferFunctionScriptingTraits (0ms)
			SetupTypeCache (314ms)
			ReleaseScriptCaches (0ms)
			RebuildScriptCaches (48ms)
			SetupLoadedEditorAssemblies (359ms)
				LogAssemblyErrors (0ms)
				InitializePlatformSupportModulesInManaged (5ms)
				SetLoadedEditorAssemblies (1ms)
				RefreshPlugins (1ms)
				BeforeProcessingInitializeOnLoad (94ms)
				ProcessInitializeOnLoadAttributes (241ms)
				ProcessInitializeOnLoadMethodAttributes (11ms)
				AfterProcessingInitializeOnLoad (5ms)
				EditorAssembliesLoaded (0ms)
			ExecutionOrderSort2 (0ms)
			AwakeInstancesAfterBackupRestoration (6ms)
Platform modules already initialized, skipping
========================================================================
Worker process is ready to serve import requests
Shader 'Oculus/OVRMRCameraFrameLit': fallback shader 'Alpha-Diffuse' not found
Launched and connected shader compiler UnityShaderCompiler.exe after 0.05 seconds
Refreshing native plugins compatible for Editor in 1.15 ms, found 6 plugins.
Preloading 1 native plugins for Editor in 0.09 ms.
Unloading 2086 Unused Serialized files (Serialized files now loaded: 0)
System memory in use before: 105.5 MB.
System memory in use after: 105.6 MB.

Unloading 43 unused Assets to reduce memory usage. Loaded Objects now: 2510.
Total: 2.874800 ms (FindLiveObjects: 0.196000 ms CreateObjectMapping: 0.086000 ms MarkObjects: 2.422700 ms  DeleteObjects: 0.168600 ms)

AssetImportParameters requested are different than current active one (requested -> active):
  custom:framework-win-MediaFoundation: 216162199b28c13a410421893ffa2e32 -> 
  custom:video-decoder-ogg-theora: a1e56fd34408186e4bbccfd4996cb3dc -> 
  custom:container-muxer-webm: aa71ff27fc2769a1b78a27578f13a17b -> 
  custom:container-demuxer-webm: 4f35f7cbe854078d1ac9338744f61a02 -> 
  custom:container-demuxer-ogg: 62fdf1f143b41e24485cea50d1cbac27 -> 
  custom:video-encoder-webm-vp8: eb34c28f22e8b96e1ab97ce403110664 -> 
  custom:video-decoder-webm-vp8: 9c59270c3fd7afecdb556c50c9e8de78 -> 
  custom:audio-decoder-ogg-vorbis: bf7c407c2cedff20999df2af8eb42d56 -> 
  custom:audio-encoder-webm-vorbis: bf7c407c2cedff20999df2af8eb42d56 -> 
========================================================================
Received Import Request.
  path: Assets/001_Work/YasuiSan/Prefabs/Stage2/Air-Jordan.fbx
  artifactKey: Guid(2b75e6ebfc04f0a41ad150eb64023000) Importer(815301076,1909f56bfc062723c751e8b465ee728b)
Start importing Assets/001_Work/YasuiSan/Prefabs/Stage2/Air-Jordan.fbx using Guid(2b75e6ebfc04f0a41ad150eb64023000) Importer(815301076,1909f56bfc062723c751e8b465ee728b)  -> (artifact id: '586fb5ec6f29841fe56b73631e23a462') in 0.187464 seconds 
  Import took 0.192352 seconds .

========================================================================
Received Import Request.
  Time since last request: 67.327969 seconds.
  path: Assets/001_Work/YasuiSan/Prefabs/Stage2/Air-Jordan_L.prefab
  artifactKey: Guid(73d2b97b967675a4594f4a432eb3d30b) Importer(815301076,1909f56bfc062723c751e8b465ee728b)
Start importing Assets/001_Work/YasuiSan/Prefabs/Stage2/Air-Jordan_L.prefab using Guid(73d2b97b967675a4594f4a432eb3d30b) Importer(815301076,1909f56bfc062723c751e8b465ee728b)  -> (artifact id: '81e7da14ea7a0df218c0e3f4e9f6ca78') in 0.022646 seconds 
  Import took 0.027408 seconds .

========================================================================
Received Import Request.
  Time since last request: 0.000251 seconds.
  path: Assets/001_Work/YasuiSan/Prefabs/Stage2/Air-Jordan_R.prefab
  artifactKey: Guid(4f914dd3870e4c343a1d90d27c3fe3fa) Importer(815301076,1909f56bfc062723c751e8b465ee728b)
Start importing Assets/001_Work/YasuiSan/Prefabs/Stage2/Air-Jordan_R.prefab using Guid(4f914dd3870e4c343a1d90d27c3fe3fa) Importer(815301076,1909f56bfc062723c751e8b465ee728b)  -> (artifact id: 'd46e2bd7ea18daf55f835dd854193602') in 0.008420 seconds 
  Import took 0.013390 seconds .

========================================================================
Received Import Request.
  Time since last request: 37.773687 seconds.
  path: Assets/001_Work/YasuiSan/Materiais/Stage2
  artifactKey: Guid(b6047f042207de3429040a9d47d472d1) Importer(815301076,1909f56bfc062723c751e8b465ee728b)
Start importing Assets/001_Work/YasuiSan/Materiais/Stage2 using Guid(b6047f042207de3429040a9d47d472d1) Importer(815301076,1909f56bfc062723c751e8b465ee728b)  -> (artifact id: '148338c7b8795b613f349887fa763b2f') in 0.003384 seconds 
  Import took 0.008848 seconds .

========================================================================
Received Import Request.
  Time since last request: 0.052461 seconds.
  path: Assets/001_Work/YasuiSan/Materiais/Stage2/Air-Jordan.mat
  artifactKey: Guid(22fab421793f69849af6d01505004602) Importer(815301076,1909f56bfc062723c751e8b465ee728b)
Start importing Assets/001_Work/YasuiSan/Materiais/Stage2/Air-Jordan.mat using Guid(22fab421793f69849af6d01505004602) Importer(815301076,1909f56bfc062723c751e8b465ee728b)  -> (artifact id: '441e6342e2234fce1954c837017ff808') in 0.212323 seconds 
  Import took 0.216769 seconds .

========================================================================
Received Import Request.
  Time since last request: 0.000254 seconds.
  path: Assets/001_Work/YasuiSan/Materiais/Stage2/shoe_Roughness.png
  artifactKey: Guid(9b2958ab569543e40b80f10f70727075) Importer(815301076,1909f56bfc062723c751e8b465ee728b)
Start importing Assets/001_Work/YasuiSan/Materiais/Stage2/shoe_Roughness.png using Guid(9b2958ab569543e40b80f10f70727075) Importer(815301076,1909f56bfc062723c751e8b465ee728b)  -> (artifact id: 'ef112ee8bd7b5053bdbeb473199bcb01') in 0.056080 seconds 
  Import took 0.060734 seconds .

========================================================================
Received Import Request.
  Time since last request: 0.000256 seconds.
  path: Assets/001_Work/YasuiSan/Materiais/Stage2/shoelace_Roughness.png
  artifactKey: Guid(8ec5b8c4dbc16854fbd48fb35b1744cf) Importer(815301076,1909f56bfc062723c751e8b465ee728b)
Start importing Assets/001_Work/YasuiSan/Materiais/Stage2/shoelace_Roughness.png using Guid(8ec5b8c4dbc16854fbd48fb35b1744cf) Importer(815301076,1909f56bfc062723c751e8b465ee728b)  -> (artifact id: '783ac33eb53925676f71d18e32dad838') in 0.025836 seconds 
  Import took 0.031452 seconds .

========================================================================
Received Import Request.
  Time since last request: 0.000432 seconds.
  path: Assets/001_Work/YasuiSan/Materiais/Stage2/shoelace_BaseColor.png
  artifactKey: Guid(3ab9e33f540189243af01a9d946ae070) Importer(815301076,1909f56bfc062723c751e8b465ee728b)
Start importing Assets/001_Work/YasuiSan/Materiais/Stage2/shoelace_BaseColor.png using Guid(3ab9e33f540189243af01a9d946ae070) Importer(815301076,1909f56bfc062723c751e8b465ee728b)  -> (artifact id: '633748c4af81bb1d81f8eac3fcde3d98') in 0.073076 seconds 
  Import took 0.079136 seconds .

========================================================================
Received Import Request.
  Time since last request: 0.000611 seconds.
  path: Assets/001_Work/YasuiSan/Materiais/Stage2/Air-Jordan_string.mat
  artifactKey: Guid(6092b13dffdfbb74ca994b4494177e74) Importer(815301076,1909f56bfc062723c751e8b465ee728b)
Start importing Assets/001_Work/YasuiSan/Materiais/Stage2/Air-Jordan_string.mat using Guid(6092b13dffdfbb74ca994b4494177e74) Importer(815301076,1909f56bfc062723c751e8b465ee728b)  -> (artifact id: 'd7fd1efacae0c07a88ffeb70fd96b512') in 0.122491 seconds 
  Import took 0.128569 seconds .

========================================================================
Received Import Request.
  Time since last request: 0.000214 seconds.
  path: Assets/001_Work/YasuiSan/Materiais/Stage2/shoe_BaseColor.png
  artifactKey: Guid(a32f67cfc9212ef4db21586ef2d480c6) Importer(815301076,1909f56bfc062723c751e8b465ee728b)
Start importing Assets/001_Work/YasuiSan/Materiais/Stage2/shoe_BaseColor.png using Guid(a32f67cfc9212ef4db21586ef2d480c6) Importer(815301076,1909f56bfc062723c751e8b465ee728b)  -> (artifact id: 'f3c9bc0c1af4fcfdb903c4e1a3556bf3') in 0.040258 seconds 
  Import took 0.043750 seconds .

========================================================================
Received Import Request.
  Time since last request: 0.000198 seconds.
  path: Assets/001_Work/YasuiSan/Materiais/Stage2/shoelace_Normal.png
  artifactKey: Guid(865054c58172da54e8252c77ef6662b9) Importer(815301076,1909f56bfc062723c751e8b465ee728b)
Start importing Assets/001_Work/YasuiSan/Materiais/Stage2/shoelace_Normal.png using Guid(865054c58172da54e8252c77ef6662b9) Importer(815301076,1909f56bfc062723c751e8b465ee728b)  -> (artifact id: '25d94b902e73755f1361bcca94cf9163') in 0.053304 seconds 
  Import took 0.057195 seconds .

========================================================================
Received Import Request.
  Time since last request: 0.000215 seconds.
  path: Assets/001_Work/YasuiSan/Materiais/Stage2/shoe_Normal.png
  artifactKey: Guid(9a8bccb35e5eb084eb444d1b880c298c) Importer(815301076,1909f56bfc062723c751e8b465ee728b)
Start importing Assets/001_Work/YasuiSan/Materiais/Stage2/shoe_Normal.png using Guid(9a8bccb35e5eb084eb444d1b880c298c) Importer(815301076,1909f56bfc062723c751e8b465ee728b)  -> (artifact id: '552810aa4db65562112715a43cfca534') in 0.053337 seconds 
  Import took 0.057279 seconds .

========================================================================
Received Prepare
Registering precompiled user dll's ...
Registered in 0.007338 seconds.
Begin MonoManager ReloadAssembly
Native extension for Lumin target not found
Native extension for WindowsStandalone target not found
Refreshing native plugins compatible for Editor in 1.94 ms, found 6 plugins.
Preloading 1 native plugins for Editor in 0.18 ms.
Mono: successfully reloaded assembly
- Completed reload, in  1.405 seconds
Domain Reload Profiling:
	ReloadAssembly (1406ms)
		BeginReloadAssembly (170ms)
			ExecutionOrderSort (0ms)
			DisableScriptedObjects (5ms)
			BackupInstance (0ms)
			ReleaseScriptingObjects (0ms)
			CreateAndSetChildDomain (49ms)
		EndReloadAssembly (1144ms)
			LoadAssemblies (131ms)
			RebuildTransferFunctionScriptingTraits (0ms)
			SetupTypeCache (397ms)
			ReleaseScriptCaches (1ms)
			RebuildScriptCaches (49ms)
			SetupLoadedEditorAssemblies (442ms)
				LogAssemblyErrors (0ms)
				InitializePlatformSupportModulesInManaged (6ms)
				SetLoadedEditorAssemblies (1ms)
				RefreshPlugins (2ms)
				BeforeProcessingInitializeOnLoad (118ms)
				ProcessInitializeOnLoadAttributes (298ms)
				ProcessInitializeOnLoadMethodAttributes (9ms)
				AfterProcessingInitializeOnLoad (7ms)
				EditorAssembliesLoaded (0ms)
			ExecutionOrderSort2 (0ms)
			AwakeInstancesAfterBackupRestoration (9ms)
Platform modules already initialized, skipping
Switching build target platform(19) subTarget(0) extendedPlatform(0) -> platform(13) subTarget(524294) extendedPlatform(0)
Shader 'Oculus/OVRMRCameraFrameLit': fallback shader 'Alpha-Diffuse' not found
Refreshing native plugins compatible for Editor in 0.79 ms, found 6 plugins.
Preloading 1 native plugins for Editor in 0.07 ms.
Unloading 2021 Unused Serialized files (Serialized files now loaded: 0)
System memory in use before: 104.4 MB.
System memory in use after: 104.5 MB.

Unloading 38 unused Assets to reduce memory usage. Loaded Objects now: 2559.
Total: 3.121800 ms (FindLiveObjects: 0.429300 ms CreateObjectMapping: 0.208800 ms MarkObjects: 2.442300 ms  DeleteObjects: 0.039300 ms)

AssetImportParameters requested are different than current active one (requested -> active):
  custom:framework-win-MediaFoundation: 216162199b28c13a410421893ffa2e32 -> 
  custom:video-decoder-ogg-theora: a1e56fd34408186e4bbccfd4996cb3dc -> 
  custom:container-muxer-webm: aa71ff27fc2769a1b78a27578f13a17b -> 
  custom:container-demuxer-webm: 4f35f7cbe854078d1ac9338744f61a02 -> 
  custom:container-demuxer-ogg: 62fdf1f143b41e24485cea50d1cbac27 -> 
  custom:video-encoder-webm-vp8: eb34c28f22e8b96e1ab97ce403110664 -> 
  custom:video-decoder-webm-vp8: 9c59270c3fd7afecdb556c50c9e8de78 -> 
  custom:graphics/normal-map-encoding: 01000000000000000000000000000000 -> 02000000000000000000000000000000
  custom:audio-decoder-ogg-vorbis: bf7c407c2cedff20999df2af8eb42d56 -> 
  custom:audio-encoder-webm-vorbis: bf7c407c2cedff20999df2af8eb42d56 -> 
========================================================================
Received Prepare
Registering precompiled user dll's ...
Registered in 0.004566 seconds.
Begin MonoManager ReloadAssembly
Native extension for Lumin target not found
Native extension for WindowsStandalone target not found
Refreshing native plugins compatible for Editor in 1.72 ms, found 6 plugins.
Preloading 1 native plugins for Editor in 0.24 ms.
Mono: successfully reloaded assembly
- Completed reload, in  0.931 seconds
Domain Reload Profiling:
	ReloadAssembly (931ms)
		BeginReloadAssembly (96ms)
			ExecutionOrderSort (0ms)
			DisableScriptedObjects (4ms)
			BackupInstance (0ms)
			ReleaseScriptingObjects (0ms)
			CreateAndSetChildDomain (29ms)
		EndReloadAssembly (781ms)
			LoadAssemblies (75ms)
			RebuildTransferFunctionScriptingTraits (0ms)
			SetupTypeCache (254ms)
			ReleaseScriptCaches (1ms)
			RebuildScriptCaches (34ms)
			SetupLoadedEditorAssemblies (316ms)
				LogAssemblyErrors (0ms)
				InitializePlatformSupportModulesInManaged (5ms)
				SetLoadedEditorAssemblies (0ms)
				RefreshPlugins (2ms)
				BeforeProcessingInitializeOnLoad (83ms)
				ProcessInitializeOnLoadAttributes (212ms)
				ProcessInitializeOnLoadMethodAttributes (8ms)
				AfterProcessingInitializeOnLoad (5ms)
				EditorAssembliesLoaded (0ms)
			ExecutionOrderSort2 (0ms)
			AwakeInstancesAfterBackupRestoration (5ms)
Platform modules already initialized, skipping
Switching build target platform(19) subTarget(0) extendedPlatform(0) -> platform(13) subTarget(524294) extendedPlatform(0)
Shader 'Oculus/OVRMRCameraFrameLit': fallback shader 'Alpha-Diffuse' not found
Refreshing native plugins compatible for Editor in 0.73 ms, found 6 plugins.
Preloading 1 native plugins for Editor in 0.06 ms.
Unloading 2021 Unused Serialized files (Serialized files now loaded: 0)
System memory in use before: 104.4 MB.
System memory in use after: 104.6 MB.

Unloading 38 unused Assets to reduce memory usage. Loaded Objects now: 2563.
Total: 2.133700 ms (FindLiveObjects: 0.184000 ms CreateObjectMapping: 0.069000 ms MarkObjects: 1.819600 ms  DeleteObjects: 0.060400 ms)

AssetImportParameters requested are different than current active one (requested -> active):
  custom:framework-win-MediaFoundation: 216162199b28c13a410421893ffa2e32 -> 
  custom:video-decoder-ogg-theora: a1e56fd34408186e4bbccfd4996cb3dc -> 
  custom:container-muxer-webm: aa71ff27fc2769a1b78a27578f13a17b -> 
  custom:container-demuxer-webm: 4f35f7cbe854078d1ac9338744f61a02 -> 
  custom:container-demuxer-ogg: 62fdf1f143b41e24485cea50d1cbac27 -> 
  custom:video-encoder-webm-vp8: eb34c28f22e8b96e1ab97ce403110664 -> 
  custom:video-decoder-webm-vp8: 9c59270c3fd7afecdb556c50c9e8de78 -> 
  custom:graphics/normal-map-encoding: 01000000000000000000000000000000 -> 02000000000000000000000000000000
  custom:audio-decoder-ogg-vorbis: bf7c407c2cedff20999df2af8eb42d56 -> 
  custom:audio-encoder-webm-vorbis: bf7c407c2cedff20999df2af8eb42d56 -> 
========================================================================
Received Prepare
Registering precompiled user dll's ...
Registered in 0.005540 seconds.
Begin MonoManager ReloadAssembly
Native extension for Lumin target not found
Native extension for WindowsStandalone target not found
Refreshing native plugins compatible for Editor in 0.91 ms, found 6 plugins.
Preloading 1 native plugins for Editor in 0.08 ms.
Mono: successfully reloaded assembly
- Completed reload, in  1.012 seconds
Domain Reload Profiling:
	ReloadAssembly (1012ms)
		BeginReloadAssembly (97ms)
			ExecutionOrderSort (0ms)
			DisableScriptedObjects (4ms)
			BackupInstance (0ms)
			ReleaseScriptingObjects (0ms)
			CreateAndSetChildDomain (29ms)
		EndReloadAssembly (858ms)
			LoadAssemblies (82ms)
			RebuildTransferFunctionScriptingTraits (0ms)
			SetupTypeCache (281ms)
			ReleaseScriptCaches (1ms)
			RebuildScriptCaches (36ms)
			SetupLoadedEditorAssemblies (324ms)
				LogAssemblyErrors (0ms)
				InitializePlatformSupportModulesInManaged (6ms)
				SetLoadedEditorAssemblies (1ms)
				RefreshPlugins (1ms)
				BeforeProcessingInitializeOnLoad (92ms)
				ProcessInitializeOnLoadAttributes (213ms)
				ProcessInitializeOnLoadMethodAttributes (6ms)
				AfterProcessingInitializeOnLoad (6ms)
				EditorAssembliesLoaded (0ms)
			ExecutionOrderSort2 (0ms)
			AwakeInstancesAfterBackupRestoration (7ms)
Platform modules already initialized, skipping
Switching build target platform(19) subTarget(0) extendedPlatform(0) -> platform(13) subTarget(524294) extendedPlatform(0)
Shader 'Oculus/OVRMRCameraFrameLit': fallback shader 'Alpha-Diffuse' not found
Refreshing native plugins compatible for Editor in 0.72 ms, found 6 plugins.
Preloading 1 native plugins for Editor in 0.06 ms.
Unloading 2021 Unused Serialized files (Serialized files now loaded: 0)
System memory in use before: 104.5 MB.
System memory in use after: 104.6 MB.

Unloading 38 unused Assets to reduce memory usage. Loaded Objects now: 2567.
Total: 1.781700 ms (FindLiveObjects: 0.191500 ms CreateObjectMapping: 0.084900 ms MarkObjects: 1.462400 ms  DeleteObjects: 0.042000 ms)

AssetImportParameters requested are different than current active one (requested -> active):
  custom:framework-win-MediaFoundation: 216162199b28c13a410421893ffa2e32 -> 
  custom:video-decoder-ogg-theora: a1e56fd34408186e4bbccfd4996cb3dc -> 
  custom:container-muxer-webm: aa71ff27fc2769a1b78a27578f13a17b -> 
  custom:container-demuxer-webm: 4f35f7cbe854078d1ac9338744f61a02 -> 
  custom:container-demuxer-ogg: 62fdf1f143b41e24485cea50d1cbac27 -> 
  custom:video-encoder-webm-vp8: eb34c28f22e8b96e1ab97ce403110664 -> 
  custom:video-decoder-webm-vp8: 9c59270c3fd7afecdb556c50c9e8de78 -> 
  custom:graphics/normal-map-encoding: 01000000000000000000000000000000 -> 02000000000000000000000000000000
  custom:audio-decoder-ogg-vorbis: bf7c407c2cedff20999df2af8eb42d56 -> 
  custom:audio-encoder-webm-vorbis: bf7c407c2cedff20999df2af8eb42d56 -> 
========================================================================
Received Import Request.
  Time since last request: 693.844964 seconds.
  path: Assets/001_Work/001 Scenes/003 Stage1.unity
  artifactKey: Guid(debc17697a3857f41bebf09902a43c6c) Importer(815301076,1909f56bfc062723c751e8b465ee728b)
Start importing Assets/001_Work/001 Scenes/003 Stage1.unity using Guid(debc17697a3857f41bebf09902a43c6c) Importer(815301076,1909f56bfc062723c751e8b465ee728b)  -> (artifact id: 'a9041475ea3f63f1797869c2be923b1a') in 0.024994 seconds 
  Import took 0.029520 seconds .

========================================================================
Received Import Request.
  Time since last request: 0.002291 seconds.
  path: Assets/001_Work/001 Scenes/003 Stage1.unity
  artifactKey: Guid(debc17697a3857f41bebf09902a43c6c) Importer(815301076,1909f56bfc062723c751e8b465ee728b)
Start importing Assets/001_Work/001 Scenes/003 Stage1.unity using Guid(debc17697a3857f41bebf09902a43c6c) Importer(815301076,1909f56bfc062723c751e8b465ee728b)  -> (artifact id: 'a9041475ea3f63f1797869c2be923b1a') in 0.002599 seconds 
  Import took 0.006174 seconds .

========================================================================
Received Import Request.
  Time since last request: 2.664408 seconds.
  path: Assets/001_Work/001 Scenes/002 Stage0.unity
  artifactKey: Guid(340539229788d96408fb5a23abf0a23e) Importer(815301076,1909f56bfc062723c751e8b465ee728b)
Start importing Assets/001_Work/001 Scenes/002 Stage0.unity using Guid(340539229788d96408fb5a23abf0a23e) Importer(815301076,1909f56bfc062723c751e8b465ee728b)  -> (artifact id: '7322a2d7e45f6797677dcc9baf2ad783') in 0.004625 seconds 
  Import took 0.012400 seconds .

========================================================================
Received Import Request.
  Time since last request: 1.334900 seconds.
  path: Assets/001_Work/001 Scenes/004 Stage2.unity
  artifactKey: Guid(fe309884af0cd7047833cbbc0eb361b4) Importer(815301076,1909f56bfc062723c751e8b465ee728b)
Start importing Assets/001_Work/001 Scenes/004 Stage2.unity using Guid(fe309884af0cd7047833cbbc0eb361b4) Importer(815301076,1909f56bfc062723c751e8b465ee728b)  -> (artifact id: 'fbbe8c796f05acab9dde1b204064d690') in 0.005586 seconds 
  Import took 0.010490 seconds .

========================================================================
Received Import Request.
  Time since last request: 8.339700 seconds.
  path: Assets/001_Work/YasuiSan/Prefabs/Stage2/-----Audio------------------.prefab
  artifactKey: Guid(6f8e72129390bdb4a99d3483d9f6a715) Importer(815301076,1909f56bfc062723c751e8b465ee728b)
Start importing Assets/001_Work/YasuiSan/Prefabs/Stage2/-----Audio------------------.prefab using Guid(6f8e72129390bdb4a99d3483d9f6a715) Importer(815301076,1909f56bfc062723c751e8b465ee728b)  -> (artifact id: '20cdc05b3c014194383c1f74ae64ec7a') in 0.020960 seconds 
  Import took 0.024760 seconds .

========================================================================
Received Import Request.
  Time since last request: 7.055157 seconds.
  path: Assets/001_Work/001 Scenes/007 TourStage2_Cat.unity
  artifactKey: Guid(8b6836b634b61064c973b097689d0f4c) Importer(815301076,1909f56bfc062723c751e8b465ee728b)
Start importing Assets/001_Work/001 Scenes/007 TourStage2_Cat.unity using Guid(8b6836b634b61064c973b097689d0f4c) Importer(815301076,1909f56bfc062723c751e8b465ee728b)  -> (artifact id: '6cae61339d94007757b31909ff05c450') in 0.004237 seconds 
  Import took 0.008258 seconds .

========================================================================
Received Import Request.
  Time since last request: 45.776432 seconds.
  path: Assets/001_Work/001 Scenes/007 TourStage2_Cat.unity
  artifactKey: Guid(8b6836b634b61064c973b097689d0f4c) Importer(815301076,1909f56bfc062723c751e8b465ee728b)
Start importing Assets/001_Work/001 Scenes/007 TourStage2_Cat.unity using Guid(8b6836b634b61064c973b097689d0f4c) Importer(815301076,1909f56bfc062723c751e8b465ee728b)  -> (artifact id: '6de43ab6c6ee1ce3035147ee30702593') in 0.002248 seconds 
  Import took 0.007063 seconds .

========================================================================
Received Import Request.
  Time since last request: 5.234860 seconds.
  path: Assets/001_Work/001 Scenes/008 TourStage3_Cat.unity
  artifactKey: Guid(8cd8c9215349c85458158b1b623b8413) Importer(815301076,1909f56bfc062723c751e8b465ee728b)
Start importing Assets/001_Work/001 Scenes/008 TourStage3_Cat.unity using Guid(8cd8c9215349c85458158b1b623b8413) Importer(815301076,1909f56bfc062723c751e8b465ee728b)  -> (artifact id: 'b3a056726d359afe8153e0ee474bc245') in 0.005400 seconds 
  Import took 0.010155 seconds .

========================================================================
Received Import Request.
  Time since last request: 66.350312 seconds.
  path: Assets/001_Work/001 Scenes/005 Stage3.unity
  artifactKey: Guid(afc4b1763e5bf914385401450070817a) Importer(815301076,1909f56bfc062723c751e8b465ee728b)
Start importing Assets/001_Work/001 Scenes/005 Stage3.unity using Guid(afc4b1763e5bf914385401450070817a) Importer(815301076,1909f56bfc062723c751e8b465ee728b)  -> (artifact id: 'e57d626b3c733cb63144432c708ae330') in 0.005021 seconds 
  Import took 0.010382 seconds .

========================================================================
Received Import Request.
  Time since last request: 3.877117 seconds.
  path: Assets/001_Work/001 Scenes/006 TourStage1_Cat.unity
  artifactKey: Guid(bda1d190f6b62414884a20cf5b8dd848) Importer(815301076,1909f56bfc062723c751e8b465ee728b)
Start importing Assets/001_Work/001 Scenes/006 TourStage1_Cat.unity using Guid(bda1d190f6b62414884a20cf5b8dd848) Importer(815301076,1909f56bfc062723c751e8b465ee728b)  -> (artifact id: '8c747e0cdbeee04725bce30695616f0f') in 0.004166 seconds 
  Import took 0.007831 seconds .

========================================================================
Received Import Request.
  Time since last request: 12.032844 seconds.
  path: Assets/001_Work/001 Scenes/007 TourStage2_Cat.unity
  artifactKey: Guid(8b6836b634b61064c973b097689d0f4c) Importer(815301076,1909f56bfc062723c751e8b465ee728b)
Start importing Assets/001_Work/001 Scenes/007 TourStage2_Cat.unity using Guid(8b6836b634b61064c973b097689d0f4c) Importer(815301076,1909f56bfc062723c751e8b465ee728b)  -> (artifact id: '01c77887cbef47d13499d4445d976b9e') in 0.002489 seconds 
  Import took 0.007396 seconds .

========================================================================
Received Prepare
Registering precompiled user dll's ...
Registered in 0.008467 seconds.
Begin MonoManager ReloadAssembly
Native extension for Lumin target not found
Native extension for WindowsStandalone target not found
Refreshing native plugins compatible for Editor in 0.80 ms, found 6 plugins.
Preloading 1 native plugins for Editor in 0.12 ms.
Mono: successfully reloaded assembly
- Completed reload, in  2.543 seconds
Domain Reload Profiling:
	ReloadAssembly (2543ms)
		BeginReloadAssembly (168ms)
			ExecutionOrderSort (0ms)
			DisableScriptedObjects (4ms)
			BackupInstance (0ms)
			ReleaseScriptingObjects (0ms)
			CreateAndSetChildDomain (55ms)
		EndReloadAssembly (2235ms)
			LoadAssemblies (180ms)
			RebuildTransferFunctionScriptingTraits (0ms)
			SetupTypeCache (1141ms)
			ReleaseScriptCaches (2ms)
			RebuildScriptCaches (131ms)
			SetupLoadedEditorAssemblies (383ms)
				LogAssemblyErrors (0ms)
				InitializePlatformSupportModulesInManaged (5ms)
				SetLoadedEditorAssemblies (0ms)
				RefreshPlugins (1ms)
				BeforeProcessingInitializeOnLoad (94ms)
				ProcessInitializeOnLoadAttributes (270ms)
				ProcessInitializeOnLoadMethodAttributes (7ms)
				AfterProcessingInitializeOnLoad (6ms)
				EditorAssembliesLoaded (0ms)
			ExecutionOrderSort2 (0ms)
			AwakeInstancesAfterBackupRestoration (7ms)
Platform modules already initialized, skipping
Switching build target platform(19) subTarget(0) extendedPlatform(0) -> platform(13) subTarget(524294) extendedPlatform(0)
Shader 'Oculus/OVRMRCameraFrameLit': fallback shader 'Alpha-Diffuse' not found
Refreshing native plugins compatible for Editor in 0.77 ms, found 6 plugins.
Preloading 1 native plugins for Editor in 0.07 ms.
Unloading 2021 Unused Serialized files (Serialized files now loaded: 0)
System memory in use before: 104.6 MB.
System memory in use after: 104.7 MB.

Unloading 38 unused Assets to reduce memory usage. Loaded Objects now: 2571.
Total: 2.459000 ms (FindLiveObjects: 0.367800 ms CreateObjectMapping: 0.111200 ms MarkObjects: 1.954800 ms  DeleteObjects: 0.024200 ms)

AssetImportParameters requested are different than current active one (requested -> active):
  custom:framework-win-MediaFoundation: 216162199b28c13a410421893ffa2e32 -> 
  custom:video-decoder-ogg-theora: a1e56fd34408186e4bbccfd4996cb3dc -> 
  custom:container-muxer-webm: aa71ff27fc2769a1b78a27578f13a17b -> 
  custom:container-demuxer-webm: 4f35f7cbe854078d1ac9338744f61a02 -> 
  custom:container-demuxer-ogg: 62fdf1f143b41e24485cea50d1cbac27 -> 
  custom:video-encoder-webm-vp8: eb34c28f22e8b96e1ab97ce403110664 -> 
  custom:video-decoder-webm-vp8: 9c59270c3fd7afecdb556c50c9e8de78 -> 
  custom:graphics/normal-map-encoding: 01000000000000000000000000000000 -> 02000000000000000000000000000000
  custom:audio-decoder-ogg-vorbis: bf7c407c2cedff20999df2af8eb42d56 -> 
  custom:audio-encoder-webm-vorbis: bf7c407c2cedff20999df2af8eb42d56 -> 
========================================================================
Received Prepare
Registering precompiled user dll's ...
Registered in 0.012211 seconds.
Begin MonoManager ReloadAssembly
Native extension for Lumin target not found
Native extension for WindowsStandalone target not found
Refreshing native plugins compatible for Editor in 0.72 ms, found 6 plugins.
Preloading 1 native plugins for Editor in 0.06 ms.
Mono: successfully reloaded assembly
- Completed reload, in  1.194 seconds
Domain Reload Profiling:
	ReloadAssembly (1194ms)
		BeginReloadAssembly (119ms)
			ExecutionOrderSort (0ms)
			DisableScriptedObjects (4ms)
			BackupInstance (0ms)
			ReleaseScriptingObjects (0ms)
			CreateAndSetChildDomain (40ms)
		EndReloadAssembly (1000ms)
			LoadAssemblies (102ms)
			RebuildTransferFunctionScriptingTraits (0ms)
			SetupTypeCache (364ms)
			ReleaseScriptCaches (1ms)
			RebuildScriptCaches (42ms)
			SetupLoadedEditorAssemblies (351ms)
				LogAssemblyErrors (0ms)
				InitializePlatformSupportModulesInManaged (5ms)
				SetLoadedEditorAssemblies (0ms)
				RefreshPlugins (1ms)
				BeforeProcessingInitializeOnLoad (89ms)
				ProcessInitializeOnLoadAttributes (242ms)
				ProcessInitializeOnLoadMethodAttributes (8ms)
				AfterProcessingInitializeOnLoad (5ms)
				EditorAssembliesLoaded (0ms)
			ExecutionOrderSort2 (0ms)
			AwakeInstancesAfterBackupRestoration (6ms)
Platform modules already initialized, skipping
Switching build target platform(19) subTarget(0) extendedPlatform(0) -> platform(13) subTarget(524294) extendedPlatform(0)
Shader 'Oculus/OVRMRCameraFrameLit': fallback shader 'Alpha-Diffuse' not found
Refreshing native plugins compatible for Editor in 0.81 ms, found 6 plugins.
Preloading 1 native plugins for Editor in 0.06 ms.
Unloading 2021 Unused Serialized files (Serialized files now loaded: 0)
System memory in use before: 104.5 MB.
System memory in use after: 104.6 MB.

Unloading 38 unused Assets to reduce memory usage. Loaded Objects now: 2575.
Total: 2.861000 ms (FindLiveObjects: 0.185000 ms CreateObjectMapping: 0.091100 ms MarkObjects: 2.516000 ms  DeleteObjects: 0.067100 ms)

AssetImportParameters requested are different than current active one (requested -> active):
  custom:framework-win-MediaFoundation: 216162199b28c13a410421893ffa2e32 -> 
  custom:video-decoder-ogg-theora: a1e56fd34408186e4bbccfd4996cb3dc -> 
  custom:container-muxer-webm: aa71ff27fc2769a1b78a27578f13a17b -> 
  custom:container-demuxer-webm: 4f35f7cbe854078d1ac9338744f61a02 -> 
  custom:container-demuxer-ogg: 62fdf1f143b41e24485cea50d1cbac27 -> 
  custom:video-encoder-webm-vp8: eb34c28f22e8b96e1ab97ce403110664 -> 
  custom:video-decoder-webm-vp8: 9c59270c3fd7afecdb556c50c9e8de78 -> 
  custom:graphics/normal-map-encoding: 01000000000000000000000000000000 -> 02000000000000000000000000000000
  custom:audio-decoder-ogg-vorbis: bf7c407c2cedff20999df2af8eb42d56 -> 
  custom:audio-encoder-webm-vorbis: bf7c407c2cedff20999df2af8eb42d56 -> 
========================================================================
Received Import Request.
  Time since last request: 1282.324227 seconds.
  path: Assets/001_Work/001 Scenes/006 TourStage1_Human.unity
  artifactKey: Guid(bf1fd883b0750d74cb44d10b04393e66) Importer(815301076,1909f56bfc062723c751e8b465ee728b)
Start importing Assets/001_Work/001 Scenes/006 TourStage1_Human.unity using Guid(bf1fd883b0750d74cb44d10b04393e66) Importer(815301076,1909f56bfc062723c751e8b465ee728b)  -> (artifact id: '13a3f452566829b678a43409a4286810') in 0.017379 seconds 
  Import took 0.021518 seconds .

========================================================================
Received Import Request.
  Time since last request: 1.113017 seconds.
  path: Assets/001_Work/001 Scenes/007 TourStage2_Cat.unity
  artifactKey: Guid(8b6836b634b61064c973b097689d0f4c) Importer(815301076,1909f56bfc062723c751e8b465ee728b)
Start importing Assets/001_Work/001 Scenes/007 TourStage2_Cat.unity using Guid(8b6836b634b61064c973b097689d0f4c) Importer(815301076,1909f56bfc062723c751e8b465ee728b)  -> (artifact id: '29c2ff2c24d504695ca55912361ca8d2') in 0.003356 seconds 
  Import took 0.007767 seconds .

========================================================================
Received Prepare
Registering precompiled user dll's ...
Registered in 0.020960 seconds.
Begin MonoManager ReloadAssembly
Native extension for Lumin target not found
Native extension for WindowsStandalone target not found
Refreshing native plugins compatible for Editor in 0.72 ms, found 6 plugins.
Preloading 1 native plugins for Editor in 0.06 ms.
Mono: successfully reloaded assembly
- Completed reload, in  1.392 seconds
Domain Reload Profiling:
	ReloadAssembly (1393ms)
		BeginReloadAssembly (303ms)
			ExecutionOrderSort (0ms)
			DisableScriptedObjects (12ms)
			BackupInstance (0ms)
			ReleaseScriptingObjects (0ms)
			CreateAndSetChildDomain (90ms)
		EndReloadAssembly (1006ms)
			LoadAssemblies (234ms)
			RebuildTransferFunctionScriptingTraits (0ms)
			SetupTypeCache (430ms)
			ReleaseScriptCaches (1ms)
			RebuildScriptCaches (35ms)
			SetupLoadedEditorAssemblies (294ms)
				LogAssemblyErrors (0ms)
				InitializePlatformSupportModulesInManaged (4ms)
				SetLoadedEditorAssemblies (0ms)
				RefreshPlugins (1ms)
				BeforeProcessingInitializeOnLoad (77ms)
				ProcessInitializeOnLoadAttributes (200ms)
				ProcessInitializeOnLoadMethodAttributes (6ms)
				AfterProcessingInitializeOnLoad (5ms)
				EditorAssembliesLoaded (0ms)
			ExecutionOrderSort2 (0ms)
			AwakeInstancesAfterBackupRestoration (6ms)
Platform modules already initialized, skipping
Switching build target platform(19) subTarget(0) extendedPlatform(0) -> platform(13) subTarget(524294) extendedPlatform(0)
Shader 'Oculus/OVRMRCameraFrameLit': fallback shader 'Alpha-Diffuse' not found
Refreshing native plugins compatible for Editor in 0.70 ms, found 6 plugins.
Preloading 1 native plugins for Editor in 0.06 ms.
Unloading 2021 Unused Serialized files (Serialized files now loaded: 0)
System memory in use before: 104.6 MB.
System memory in use after: 104.7 MB.

Unloading 38 unused Assets to reduce memory usage. Loaded Objects now: 2579.
Total: 1.814500 ms (FindLiveObjects: 0.170500 ms CreateObjectMapping: 0.065000 ms MarkObjects: 1.531100 ms  DeleteObjects: 0.047300 ms)

AssetImportParameters requested are different than current active one (requested -> active):
  custom:framework-win-MediaFoundation: 216162199b28c13a410421893ffa2e32 -> 
  custom:video-decoder-ogg-theora: a1e56fd34408186e4bbccfd4996cb3dc -> 
  custom:container-muxer-webm: aa71ff27fc2769a1b78a27578f13a17b -> 
  custom:container-demuxer-webm: 4f35f7cbe854078d1ac9338744f61a02 -> 
  custom:container-demuxer-ogg: 62fdf1f143b41e24485cea50d1cbac27 -> 
  custom:video-encoder-webm-vp8: eb34c28f22e8b96e1ab97ce403110664 -> 
  custom:video-decoder-webm-vp8: 9c59270c3fd7afecdb556c50c9e8de78 -> 
  custom:graphics/normal-map-encoding: 01000000000000000000000000000000 -> 02000000000000000000000000000000
  custom:audio-decoder-ogg-vorbis: bf7c407c2cedff20999df2af8eb42d56 -> 
  custom:audio-encoder-webm-vorbis: bf7c407c2cedff20999df2af8eb42d56 -> 
========================================================================
Received Import Request.
  Time since last request: 135.461900 seconds.
  path: Assets/001_Work/001 Scenes/007 TourStage2_Human.unity
  artifactKey: Guid(f0249834876eca549ab8e0540b20441e) Importer(815301076,1909f56bfc062723c751e8b465ee728b)
Start importing Assets/001_Work/001 Scenes/007 TourStage2_Human.unity using Guid(f0249834876eca549ab8e0540b20441e) Importer(815301076,1909f56bfc062723c751e8b465ee728b)  -> (artifact id: 'db1b159295e7f6232c4c52da420076a9') in 0.015453 seconds 
  Import took 0.019736 seconds .

========================================================================
Received Import Request.
  Time since last request: 0.006558 seconds.
  path: Assets/001_Work/001 Scenes/007 TourStage2_Human.unity
  artifactKey: Guid(f0249834876eca549ab8e0540b20441e) Importer(815301076,1909f56bfc062723c751e8b465ee728b)
Start importing Assets/001_Work/001 Scenes/007 TourStage2_Human.unity using Guid(f0249834876eca549ab8e0540b20441e) Importer(815301076,1909f56bfc062723c751e8b465ee728b)  -> (artifact id: 'db1b159295e7f6232c4c52da420076a9') in 0.003046 seconds 
  Import took 0.006586 seconds .

========================================================================
Received Import Request.
  Time since last request: 36.502381 seconds.
  path: Assets/001_Work/001 Scenes/007 TourStage2_Cat.unity
  artifactKey: Guid(8b6836b634b61064c973b097689d0f4c) Importer(815301076,1909f56bfc062723c751e8b465ee728b)
Start importing Assets/001_Work/001 Scenes/007 TourStage2_Cat.unity using Guid(8b6836b634b61064c973b097689d0f4c) Importer(815301076,1909f56bfc062723c751e8b465ee728b)  -> (artifact id: '0f39c5f8c60475c1821637005f9ed7a4') in 0.002918 seconds 
  Import took 0.008964 seconds .

========================================================================
Received Import Request.
  Time since last request: 13.094297 seconds.
  path: Assets/001_Work/001 Scenes/007 TourStage2_Human.unity
  artifactKey: Guid(f0249834876eca549ab8e0540b20441e) Importer(815301076,1909f56bfc062723c751e8b465ee728b)
Start importing Assets/001_Work/001 Scenes/007 TourStage2_Human.unity using Guid(f0249834876eca549ab8e0540b20441e) Importer(815301076,1909f56bfc062723c751e8b465ee728b)  -> (artifact id: '0d0e40ed2cca22c98dc1337efd281eb1') in 0.004047 seconds 
  Import took 0.009498 seconds .

========================================================================
Received Import Request.
  Time since last request: 3.793359 seconds.
  path: Assets/001_Work/001 Scenes/007 TourStage2_Cat.unity
  artifactKey: Guid(8b6836b634b61064c973b097689d0f4c) Importer(815301076,1909f56bfc062723c751e8b465ee728b)
Start importing Assets/001_Work/001 Scenes/007 TourStage2_Cat.unity using Guid(8b6836b634b61064c973b097689d0f4c) Importer(815301076,1909f56bfc062723c751e8b465ee728b)  -> (artifact id: '211d28d22d479da79596476bfc6bd1eb') in 0.003586 seconds 
  Import took 0.009372 seconds .

AssetImportWorkerClient::OnTransportError - code=2 error=End of file
